  pch.cpp
  ClassTime.cpp
c:\users\пользователь\desktop\ооп\laba 2\timee\timee\classtime.cpp(173): warning C4244: return: преобразование "double" в "float", возможна потеря данных
c:\users\пользователь\desktop\ооп\laba 2\timee\timee\classtime.cpp(177): warning C4244: return: преобразование "double" в "float", возможна потеря данных
c:\users\пользователь\desktop\ооп\laba 2\timee\timee\classtime.cpp(181): warning C4244: return: преобразование "double" в "float", возможна потеря данных
c:\users\пользователь\desktop\ооп\laba 2\timee\timee\classtime.cpp(185): warning C4244: return: преобразование "double" в "float", возможна потеря данных
c:\users\пользователь\desktop\ооп\laba 2\timee\timee\classtime.cpp(189): warning C4244: return: преобразование "double" в "float", возможна потеря данных
c:\users\пользователь\desktop\ооп\laba 2\timee\timee\classtime.cpp(193): warning C4244: return: преобразование "double" в "float", возможна потеря данных
c:\users\пользователь\desktop\ооп\laba 2\timee\timee\classtime.cpp(201): warning C4244: +=: преобразование "float" в "int", возможна потеря данных
c:\users\пользователь\desktop\ооп\laba 2\timee\timee\classtime.cpp(201): warning C4244: return: преобразование "int" в "float", возможна потеря данных
c:\users\пользователь\desktop\ооп\laba 2\timee\timee\classtime.cpp(205): warning C4244: +=: преобразование "float" в "int", возможна потеря данных
c:\users\пользователь\desktop\ооп\laba 2\timee\timee\classtime.cpp(205): warning C4244: return: преобразование "int" в "float", возможна потеря данных
  filetime.cpp
  timee.cpp
  Создание кода
  384 of 392 functions (98.0%) were compiled, the rest were copied from previous compilation.
    0 functions were new in current compilation
    0 functions had inline decision re-evaluated but remain unchanged
  Создание кода завершено
  timee.vcxproj -> C:\Users\Пользователь\Desktop\ООП\laba 2\timee\Release\timee.exe
