  pch.cpp
  ClassMatrix.cpp
c:\users\пользователь\desktop\ооп\laba 3\matrix oop\matrix\matrix\classmatrix.cpp(36): warning C4244: =: преобразование "int" в "_Ty", возможна потеря данных
          with
          [
              _Ty=float
          ]
c:\users\пользователь\desktop\ооп\laba 3\matrix oop\matrix\matrix\classmatrix.cpp(213): warning C4244: return: преобразование "_Ty" в "int", возможна потеря данных
          with
          [
              _Ty=float
          ]
c:\users\пользователь\desktop\ооп\laba 3\matrix oop\matrix\matrix\classmatrix.cpp(218): warning C4244: return: преобразование "_Ty" в "int", возможна потеря данных
          with
          [
              _Ty=float
          ]
  matrix.cpp
  Создание кода...
  matrix.vcxproj -> C:\Users\Пользователь\Desktop\ООП\laba 3\matrix oop\matrix\Debug\matrix.exe
